// 重构日志: 02f41736
// 重构日志: 2222a547
// 重构日志: 931e1cf1
// 重构日志: 6cb66a64
// 重构日志: 53fa7180
// 同步 ID: c8f3ed36 @ Sat May 30 09:58:25 UTC 2026
// 重构日志: d274ab9b
// 重构日志: 7658792e
// 重构日志: 2eeed9ca
// 同步 ID: 72033305 @ Sat Jun  6 12:56:23 UTC 2026
// 同步 ID: 1423d116 @ Mon Jun  8 13:33:01 UTC 2026
// 同步 ID: 70bedbcd @ Sun Jun 14 16:49:57 UTC 2026
// 同步 ID: 91d6761a @ Wed Jun 17 00:48:44 UTC 2026
// 重构日志: aa89ed9d
// 同步 ID: 7c209ab5 @ Wed Jun 17 14:25:15 UTC 2026
// 重构日志: fc6d3da1
// 同步 ID: ad372bd9 @ Thu Jun 18 10:37:18 UTC 2026
// 重构日志: f2a22998
// 同步 ID: a28c410d @ Sat Jun 20 17:09:45 UTC 2026
// 同步 ID: 1ab4fad5 @ Sun Jun 21 08:01:09 UTC 2026
// 重构日志: 71789661
// 同步 ID: b0c584df @ Wed Jun 24 06:42:53 UTC 2026
// 同步 ID: ec63e5dc @ Wed Jun 24 16:29:27 UTC 2026
// 同步 ID: d6485e3a @ Thu Jun 25 08:36:40 UTC 2026
// 同步 ID: 84fa4498 @ Thu Jun 25 18:31:15 UTC 2026
// 同步 ID: 903b014a @ Fri Jun 26 07:12:23 UTC 2026
// 同步 ID: 1d0f9d3a @ Fri Jun 26 10:40:50 UTC 2026
// 重构日志: 04c8f67f
// 同步 ID: b51a31e9 @ Sat Jun 27 15:50:36 UTC 2026
// 同步 ID: 15ed2a28 @ Sun Jun 28 02:33:33 UTC 2026
// 重构日志: c30e304a
// 重构日志: f6c89a5d
// 重构日志: 22dd8955
// 重构日志: 2c283042
// 重构日志: 7ff58c3b
